0 info it worked if it ends with ok
1 verbose cli [ '/usr/local/Cellar/node/0.12.2_1/bin/node',
1 verbose cli   '/usr/local/bin/npm',
1 verbose cli   'install',
1 verbose cli   'promises-aplus-test',
1 verbose cli   'global' ]
2 info using npm@2.14.2
3 info using node@v4.0.0
4 verbose install initial load of /Users/FTAndy/Project/my-repo/meme-promise/package.json
5 verbose readDependencies loading dependencies from /Users/FTAndy/Project/my-repo/meme-promise/package.json
6 silly cache add args [ 'promises-aplus-test', null ]
7 verbose cache add spec promises-aplus-test
8 silly cache add args [ 'global', null ]
9 verbose cache add spec global
10 silly cache add parsed spec Result {
10 silly cache add   raw: 'promises-aplus-test',
10 silly cache add   scope: null,
10 silly cache add   name: 'promises-aplus-test',
10 silly cache add   rawSpec: '',
10 silly cache add   spec: '*',
10 silly cache add   type: 'range' }
11 silly addNamed promises-aplus-test@*
12 verbose addNamed "*" is a valid semver range for promises-aplus-test
13 silly addNameRange { name: 'promises-aplus-test', range: '*', hasData: false }
14 silly mapToRegistry name promises-aplus-test
15 silly mapToRegistry using default registry
16 silly mapToRegistry registry http://registry.npm.taobao.org/
17 silly mapToRegistry uri http://registry.npm.taobao.org/promises-aplus-test
18 verbose addNameRange registry:http://registry.npm.taobao.org/promises-aplus-test not in flight; fetching
19 silly cache add parsed spec Result {
19 silly cache add   raw: 'global',
19 silly cache add   scope: null,
19 silly cache add   name: 'global',
19 silly cache add   rawSpec: '',
19 silly cache add   spec: '*',
19 silly cache add   type: 'range' }
20 silly addNamed global@*
21 verbose addNamed "*" is a valid semver range for global
22 silly addNameRange { name: 'global', range: '*', hasData: false }
23 silly mapToRegistry name global
24 silly mapToRegistry using default registry
25 silly mapToRegistry registry http://registry.npm.taobao.org/
26 silly mapToRegistry uri http://registry.npm.taobao.org/global
27 verbose addNameRange registry:http://registry.npm.taobao.org/global not in flight; fetching
28 verbose request uri http://registry.npm.taobao.org/promises-aplus-test
29 verbose request no auth needed
30 info attempt registry request try #1 at 01:02:57
31 verbose request id 620c4dcaec899e98
32 http request GET http://registry.npm.taobao.org/promises-aplus-test
33 verbose request uri http://registry.npm.taobao.org/global
34 verbose request no auth needed
35 info attempt registry request try #1 at 01:02:57
36 http request GET http://registry.npm.taobao.org/global
37 http 200 http://registry.npm.taobao.org/global
38 silly get cb [ 200,
38 silly get   { server: 'nginx/1.4.6 (Ubuntu)',
38 silly get     date: 'Thu, 08 Sep 2016 17:02:58 GMT',
38 silly get     'content-type': 'application/json; charset=utf-8',
38 silly get     'transfer-encoding': 'chunked',
38 silly get     connection: 'keep-alive',
38 silly get     'x-current-requests': '1',
38 silly get     'x-readtime': '24',
38 silly get     'content-encoding': 'gzip' } ]
39 verbose get saving global to /Users/FTAndy/.npm/registry.npm.taobao.org/global/.cache.json
40 silly addNameRange number 2 { name: 'global', range: '*', hasData: true }
41 silly addNameRange versions [ 'global',
41 silly addNameRange   [ '4.3.0',
41 silly addNameRange     '4.2.1',
41 silly addNameRange     '4.2.0',
41 silly addNameRange     '4.1.0',
41 silly addNameRange     '4.0.1',
41 silly addNameRange     '4.0.0',
41 silly addNameRange     '3.0.2',
41 silly addNameRange     '3.0.1',
41 silly addNameRange     '3.0.0',
41 silly addNameRange     '2.0.7',
41 silly addNameRange     '2.0.6',
41 silly addNameRange     '2.0.5',
41 silly addNameRange     '2.0.4',
41 silly addNameRange     '2.0.3',
41 silly addNameRange     '2.0.2',
41 silly addNameRange     '2.0.1',
41 silly addNameRange     '0.1.5',
41 silly addNameRange     '1.0.0' ] ]
42 silly addNamed global@4.3.0
43 verbose addNamed "4.3.0" is a plain semver version for global
44 silly cache afterAdd global@4.3.0
45 verbose afterAdd /Users/FTAndy/.npm/global/4.3.0/package/package.json not in flight; writing
46 verbose afterAdd /Users/FTAndy/.npm/global/4.3.0/package/package.json written
47 http 404 http://registry.npm.taobao.org/promises-aplus-test
48 verbose headers { 'content-type': 'application/json',
48 verbose headers   'cache-control': 'max-age=0',
48 verbose headers   'content-length': '2',
48 verbose headers   'accept-ranges': 'bytes',
48 verbose headers   date: 'Thu, 08 Sep 2016 17:02:59 GMT',
48 verbose headers   via: '1.1 varnish',
48 verbose headers   age: '0',
48 verbose headers   connection: 'close',
48 verbose headers   'x-served-by': 'cache-itm7420-ITM',
48 verbose headers   'x-cache': 'MISS',
48 verbose headers   'x-cache-hits': '0',
48 verbose headers   'x-timer': 'S1473354179.113467,VS0,VE794',
48 verbose headers   vary: 'Accept-Encoding' }
49 silly get cb [ 404,
49 silly get   { 'content-type': 'application/json',
49 silly get     'cache-control': 'max-age=0',
49 silly get     'content-length': '2',
49 silly get     'accept-ranges': 'bytes',
49 silly get     date: 'Thu, 08 Sep 2016 17:02:59 GMT',
49 silly get     via: '1.1 varnish',
49 silly get     age: '0',
49 silly get     connection: 'close',
49 silly get     'x-served-by': 'cache-itm7420-ITM',
49 silly get     'x-cache': 'MISS',
49 silly get     'x-cache-hits': '0',
49 silly get     'x-timer': 'S1473354179.113467,VS0,VE794',
49 silly get     vary: 'Accept-Encoding' } ]
50 verbose stack Error: Registry returned 404 for GET on http://registry.npm.taobao.org/promises-aplus-test
50 verbose stack     at makeError (/usr/local/lib/node_modules/npm/node_modules/npm-registry-client/lib/request.js:263:12)
50 verbose stack     at CachingRegistryClient.<anonymous> (/usr/local/lib/node_modules/npm/node_modules/npm-registry-client/lib/request.js:241:14)
50 verbose stack     at Request._callback (/usr/local/lib/node_modules/npm/node_modules/npm-registry-client/lib/request.js:171:14)
50 verbose stack     at Request.self.callback (/usr/local/lib/node_modules/npm/node_modules/request/request.js:198:22)
50 verbose stack     at emitTwo (events.js:87:13)
50 verbose stack     at Request.emit (events.js:172:7)
50 verbose stack     at Request.<anonymous> (/usr/local/lib/node_modules/npm/node_modules/request/request.js:1073:14)
50 verbose stack     at emitOne (events.js:82:20)
50 verbose stack     at Request.emit (events.js:169:7)
50 verbose stack     at IncomingMessage.<anonymous> (/usr/local/lib/node_modules/npm/node_modules/request/request.js:1019:12)
51 verbose statusCode 404
52 verbose pkgid promises-aplus-test
53 verbose cwd /Users/FTAndy/Project/my-repo/meme-promise
54 error Darwin 14.4.0
55 error argv "/usr/local/Cellar/node/0.12.2_1/bin/node" "/usr/local/bin/npm" "install" "promises-aplus-test" "global"
56 error node v4.0.0
57 error npm  v2.14.2
58 error code E404
59 error 404 Registry returned 404 for GET on http://registry.npm.taobao.org/promises-aplus-test
59 error 404
59 error 404 'promises-aplus-test' is not in the npm registry.
59 error 404 You should bug the author to publish it (or use the name yourself!)
59 error 404
59 error 404 Note that you can also install from a
59 error 404 tarball, folder, http url, or git url.
60 verbose exit [ 1, true ]
